0 info it worked if it ends with ok
1 verbose cli [ 'C:\\Program Files\\nodejs\\node.exe',
1 verbose cli   'C:\\Program Files\\nodejs\\node_modules\\npm\\bin\\npm-cli.js',
1 verbose cli   'start' ]
2 info using npm@3.10.10
3 info using node@v6.11.4
4 verbose run-script [ 'prestart', 'start', 'poststart' ]
5 info lifecycle thesite@0.0.0~prestart: thesite@0.0.0
6 silly lifecycle thesite@0.0.0~prestart: no script for prestart, continuing
7 info lifecycle thesite@0.0.0~start: thesite@0.0.0
8 verbose lifecycle thesite@0.0.0~start: unsafe-perm in lifecycle true
9 verbose lifecycle thesite@0.0.0~start: PATH: C:\Program Files\nodejs\node_modules\npm\bin\node-gyp-bin;C:\Users\Dinh\Desktop\My Programming Related\MySite\TheSite\node_modules\.bin;C:\ProgramData\Oracle\Java\javapath;C:\Program Files (x86)\NVIDIA Corporation\PhysX\Common;C:\Program Files (x86)\Lenovo\FusionEngine;C:\Program Files (x86)\Intel\TXE Components\TCS\;C:\Program Files\Intel\TXE Components\TCS\;C:\windows\system32;C:\windows;C:\windows\System32\Wbem;C:\windows\System32\WindowsPowerShell\v1.0\;C:\Program Files (x86)\Common Files\lenovo\easyplussdk\bin;C:\Program Files\MATLAB\R2016b\runtime\win64;C:\Program Files\MATLAB\R2016b\bin;C:\windows\system32\config\systemprofile\.dnx\bin;C:\Program Files\Microsoft DNX\Dnvm\;C:\Program Files\Microsoft SQL Server\130\Tools\Binn\;C:\Program Files (x86)\Windows Kits\10\Windows Performance Toolkit\;C:\Program Files\nodejs\;C:\Program Files\PuTTY\;C:\Program Files\Git\cmd;C:\Program Files (x86)\SSH Communications Security\SSH Secure Shell;C:\Users\Dinh\AppData\Roaming\npm;C:\Users\Dinh\AppData\Roaming\Dashlane\5.6.0.15520\bin\Firefox_Extension\{442718d9-475e-452a-b3e1-fb1ee16b8e9f}\components;C:\Users\Dinh\AppData\Roaming\Dashlane\5.6.0.15520\ucrt
10 verbose lifecycle thesite@0.0.0~start: CWD: C:\Users\Dinh\Desktop\My Programming Related\MySite\TheSite
11 silly lifecycle thesite@0.0.0~start: Args: [ '/d /s /c', 'node ./bin/www' ]
12 silly lifecycle thesite@0.0.0~start: Returned: code: 3221225786  signal: null
13 info lifecycle thesite@0.0.0~start: Failed to exec start script
14 verbose stack Error: thesite@0.0.0 start: `node ./bin/www`
14 verbose stack Exit status 3221225786
14 verbose stack     at EventEmitter.<anonymous> (C:\Program Files\nodejs\node_modules\npm\lib\utils\lifecycle.js:255:16)
14 verbose stack     at emitTwo (events.js:106:13)
14 verbose stack     at EventEmitter.emit (events.js:191:7)
14 verbose stack     at ChildProcess.<anonymous> (C:\Program Files\nodejs\node_modules\npm\lib\utils\spawn.js:40:14)
14 verbose stack     at emitTwo (events.js:106:13)
14 verbose stack     at ChildProcess.emit (events.js:191:7)
14 verbose stack     at maybeClose (internal/child_process.js:920:16)
14 verbose stack     at Process.ChildProcess._handle.onexit (internal/child_process.js:230:5)
15 verbose pkgid thesite@0.0.0
16 verbose cwd C:\Users\Dinh\Desktop\My Programming Related\MySite\TheSite
17 error Windows_NT 6.3.9600
18 error argv "C:\\Program Files\\nodejs\\node.exe" "C:\\Program Files\\nodejs\\node_modules\\npm\\bin\\npm-cli.js" "start"
19 error node v6.11.4
20 error npm  v3.10.10
21 error code ELIFECYCLE
22 error thesite@0.0.0 start: `node ./bin/www`
22 error Exit status 3221225786
23 error Failed at the thesite@0.0.0 start script 'node ./bin/www'.
23 error Make sure you have the latest version of node.js and npm installed.
23 error If you do, this is most likely a problem with the thesite package,
23 error not with npm itself.
23 error Tell the author that this fails on your system:
23 error     node ./bin/www
23 error You can get information on how to open an issue for this project with:
23 error     npm bugs thesite
23 error Or if that isn't available, you can get their info via:
23 error     npm owner ls thesite
23 error There is likely additional logging output above.
24 verbose exit [ 1, true ]
